# JRE version: OpenJDK Runtime Environment (21.0.5) (build 21.0.5+-13047016-b750.29)
# Java VM: OpenJDK 64-Bit Server VM (21.0.5+-13047016-b750.29, mixed mode, tiered, compressed oops, compressed class ptrs, g1 gc, windows-amd64)
GC Precious Log:
 CardTable entry size: 512
 Card Set container configuration: InlinePtr #cards 5 size 8 Array Of Cards #cards 12 size 40 Howl #buckets 4 coarsen threshold 1843 Howl Bitmap #cards 512 size 80 coarsen threshold 460 Card regions per heap region 1 cards per card region 2048
 CPUs: 12 total, 12 available
 Memory: 7893M
 Large Page Support: Disabled
 NUMA Support: Disabled
 Compressed Oops: Enabled (32-bit)
 Heap Region Size: 1M
 Heap Min Capacity: 8M
 Heap Initial Capacity: 124M
 Heap Max Capacity: 2G
 Pre-touch: Disabled
 Parallel Workers: 10
 Concurrent Workers: 3
 Concurrent Refinement Workers: 10
 Periodic GC: Disabled
Heap:
 garbage-first heap   total 493568K, used 397124K [0x0000000080000000, 0x0000000100000000)
  region size 1024K, 177 young (181248K), 26 survivors (26624K)
 Metaspace       used 212406K, committed 214272K, reserved 1245184K
  class space    used 27713K, committed 28672K, reserved 1048576K
GC Heap History (20 events):
Event: 2684.270 GC heap before
{Heap before GC invocations=49 (full 0):
 garbage-first heap   total 242688K, used 197276K [0x0000000080000000, 0x0000000100000000)
  region size 1024K, 61 young (62464K), 9 survivors (9216K)
 Metaspace       used 119800K, committed 122112K, reserved 1179648K
  class space    used 15940K, committed 17280K, reserved 1048576K
}
Event: 2684.296 GC heap after
{Heap after GC invocations=50 (full 0):
 garbage-first heap   total 242688K, used 151852K [0x0000000080000000, 0x0000000100000000)
  region size 1024K, 6 young (6144K), 6 survivors (6144K)
 Metaspace       used 119800K, committed 122112K, reserved 1179648K
  class space    used 15940K, committed 17280K, reserved 1048576K
}
Event: 2694.209 GC heap before
{Heap before GC invocations=50 (full 0):
 garbage-first heap   total 242688K, used 226604K [0x0000000080000000, 0x0000000100000000)
  region size 1024K, 75 young (76800K), 6 survivors (6144K)
 Metaspace       used 127091K, committed 128320K, reserved 1179648K
  class space    used 17066K, committed 17728K, reserved 1048576K
}
Event: 2694.225 GC heap after
{Heap after GC invocations=51 (full 0):
 garbage-first heap   total 249856K, used 142522K [0x0000000080000000, 0x0000000100000000)
  region size 1024K, 10 young (10240K), 10 survivors (10240K)
 Metaspace       used 127091K, committed 128320K, reserved 1179648K
  class space    used 17066K, committed 17728K, reserved 1048576K
}
Event: 2695.053 GC heap before
{Heap before GC invocations=51 (full 0):
 garbage-first heap   total 249856K, used 224442K [0x0000000080000000, 0x0000000100000000)
  region size 1024K, 91 young (93184K), 10 survivors (10240K)
 Metaspace       used 137643K, committed 139008K, reserved 1179648K
  class space    used 18776K, committed 19456K, reserved 1048576K
}
Event: 2695.076 GC heap after
{Heap after GC invocations=52 (full 0):
 garbage-first heap   total 249856K, used 144499K [0x0000000080000000, 0x0000000100000000)
  region size 1024K, 9 young (9216K), 9 survivors (9216K)
 Metaspace       used 137643K, committed 139008K, reserved 1179648K
  class space    used 18776K, committed 19456K, reserved 1048576K
}
Event: 2695.341 GC heap before
{Heap before GC invocations=52 (full 0):
 garbage-first heap   total 249856K, used 225395K [0x0000000080000000, 0x0000000100000000)
  region size 1024K, 89 young (91136K), 9 survivors (9216K)
 Metaspace       used 141180K, committed 142592K, reserved 1179648K
  class space    used 19289K, committed 20032K, reserved 1048576K
}
Event: 2695.358 GC heap after
{Heap after GC invocations=53 (full 0):
 garbage-first heap   total 249856K, used 142048K [0x0000000080000000, 0x0000000100000000)
  region size 1024K, 6 young (6144K), 6 survivors (6144K)
 Metaspace       used 141180K, committed 142592K, reserved 1179648K
  class space    used 19289K, committed 20032K, reserved 1048576K
}
Event: 2696.222 GC heap before
{Heap before GC invocations=53 (full 0):
 garbage-first heap   total 249856K, used 218848K [0x0000000080000000, 0x0000000100000000)
  region size 1024K, 83 young (84992K), 6 survivors (6144K)
 Metaspace       used 144651K, committed 145984K, reserved 1179648K
  class space    used 19776K, committed 20480K, reserved 1048576K
}
Event: 2696.231 GC heap after
{Heap after GC invocations=54 (full 0):
 garbage-first heap   total 249856K, used 143127K [0x0000000080000000, 0x0000000100000000)
  region size 1024K, 7 young (7168K), 7 survivors (7168K)
 Metaspace       used 144651K, committed 145984K, reserved 1179648K
  class space    used 19776K, committed 20480K, reserved 1048576K
}
Event: 4721.596 GC heap before
{Heap before GC invocations=55 (full 0):
 garbage-first heap   total 401408K, used 344832K [0x0000000080000000, 0x0000000100000000)
  region size 1024K, 82 young (83968K), 7 survivors (7168K)
 Metaspace       used 145881K, committed 147328K, reserved 1179648K
  class space    used 20008K, committed 20736K, reserved 1048576K
}
Event: 4721.685 GC heap after
{Heap after GC invocations=56 (full 0):
 garbage-first heap   total 401408K, used 156543K [0x0000000080000000, 0x0000000100000000)
  region size 1024K, 10 young (10240K), 10 survivors (10240K)
 Metaspace       used 145881K, committed 147328K, reserved 1179648K
  class space    used 20008K, committed 20736K, reserved 1048576K
}
Event: 4726.130 GC heap before
{Heap before GC invocations=56 (full 0):
 garbage-first heap   total 401408K, used 394111K [0x0000000080000000, 0x0000000100000000)
  region size 1024K, 217 young (222208K), 10 survivors (10240K)
 Metaspace       used 164513K, committed 166144K, reserved 1245184K
  class space    used 22732K, committed 23552K, reserved 1048576K
}
Event: 4726.323 GC heap after
{Heap after GC invocations=57 (full 0):
 garbage-first heap   total 425984K, used 187814K [0x0000000080000000, 0x0000000100000000)
  region size 1024K, 28 young (28672K), 28 survivors (28672K)
 Metaspace       used 164513K, committed 166144K, reserved 1245184K
  class space    used 22732K, committed 23552K, reserved 1048576K
}
Event: 4727.218 GC heap before
{Heap before GC invocations=57 (full 0):
 garbage-first heap   total 425984K, used 296358K [0x0000000080000000, 0x0000000100000000)
  region size 1024K, 135 young (138240K), 28 survivors (28672K)
 Metaspace       used 168982K, committed 170624K, reserved 1245184K
  class space    used 23227K, committed 24064K, reserved 1048576K
}
Event: 4727.274 GC heap after
{Heap after GC invocations=58 (full 0):
 garbage-first heap   total 493568K, used 206035K [0x0000000080000000, 0x0000000100000000)
  region size 1024K, 25 young (25600K), 25 survivors (25600K)
 Metaspace       used 168982K, committed 170624K, reserved 1245184K
  class space    used 23227K, committed 24064K, reserved 1048576K
}
Event: 4730.233 GC heap before
{Heap before GC invocations=59 (full 0):
 garbage-first heap   total 493568K, used 409811K [0x0000000080000000, 0x0000000100000000)
  region size 1024K, 216 young (221184K), 25 survivors (25600K)
 Metaspace       used 186160K, committed 187968K, reserved 1245184K
  class space    used 25211K, committed 26112K, reserved 1048576K
}
Event: 4730.283 GC heap after
{Heap after GC invocations=60 (full 0):
 garbage-first heap   total 493568K, used 229295K [0x0000000080000000, 0x0000000100000000)
  region size 1024K, 15 young (15360K), 15 survivors (15360K)
 Metaspace       used 186160K, committed 187968K, reserved 1245184K
  class space    used 25211K, committed 26112K, reserved 1048576K
}
Event: 4732.541 GC heap before
{Heap before GC invocations=60 (full 0):
 garbage-first heap   total 493568K, used 421807K [0x0000000080000000, 0x0000000100000000)
  region size 1024K, 204 young (208896K), 15 survivors (15360K)
 Metaspace       used 207279K, committed 209088K, reserved 1245184K
  class space    used 27374K, committed 28288K, reserved 1048576K
}
Event: 4732.560 GC heap after
{Heap after GC invocations=61 (full 0):
 garbage-first heap   total 493568K, used 240452K [0x0000000080000000, 0x0000000100000000)
  region size 1024K, 26 young (26624K), 26 survivors (26624K)
 Metaspace       used 207279K, committed 209088K, reserved 1245184K
  class space    used 27374K, committed 28288K, reserved 1048576K
}

