# JRE version: OpenJDK Runtime Environment (21.0.5) (build 21.0.5+-13047016-b750.29)
# Java VM: OpenJDK 64-Bit Server VM (21.0.5+-13047016-b750.29, mixed mode, tiered, compressed oops, compressed class ptrs, g1 gc, windows-amd64)
GC Precious Log:
 CardTable entry size: 512
 Card Set container configuration: InlinePtr #cards 5 size 8 Array Of Cards #cards 12 size 40 Howl #buckets 4 coarsen threshold 1843 Howl Bitmap #cards 512 size 80 coarsen threshold 460 Card regions per heap region 1 cards per card region 2048
 CPUs: 12 total, 12 available
 Memory: 7893M
 Large Page Support: Disabled
 NUMA Support: Disabled
 Compressed Oops: Enabled (32-bit)
 Heap Region Size: 1M
 Heap Min Capacity: 8M
 Heap Initial Capacity: 124M
 Heap Max Capacity: 1974M
 Pre-touch: Disabled
 Parallel Workers: 10
 Concurrent Workers: 3
 Concurrent Refinement Workers: 10
 Periodic GC: Disabled
Heap:
 garbage-first heap   total 155648K, used 99328K [0x0000000084a00000, 0x0000000100000000)
  region size 1024K, 4 young (4096K), 4 survivors (4096K)
 Metaspace       used 57038K, committed 57408K, reserved 1114112K
  class space    used 6431K, committed 6592K, reserved 1048576K
GC Heap History (20 events):
Event: 2.598 GC heap after
{Heap after GC invocations=14 (full 0):
 garbage-first heap   total 80896K, used 37888K [0x0000000084a00000, 0x0000000100000000)
  region size 1024K, 4 young (4096K), 4 survivors (4096K)
 Metaspace       used 46150K, committed 46464K, reserved 1114112K
  class space    used 5301K, committed 5440K, reserved 1048576K
}
Event: 2.909 GC heap before
{Heap before GC invocations=14 (full 0):
 garbage-first heap   total 80896K, used 64512K [0x0000000084a00000, 0x0000000100000000)
  region size 1024K, 31 young (31744K), 4 survivors (4096K)
 Metaspace       used 49427K, committed 49664K, reserved 1114112K
  class space    used 5709K, committed 5824K, reserved 1048576K
}
Event: 2.920 GC heap after
{Heap after GC invocations=15 (full 0):
 garbage-first heap   total 80896K, used 45568K [0x0000000084a00000, 0x0000000100000000)
  region size 1024K, 4 young (4096K), 4 survivors (4096K)
 Metaspace       used 49427K, committed 49664K, reserved 1114112K
  class space    used 5709K, committed 5824K, reserved 1048576K
}
Event: 3.188 GC heap before
{Heap before GC invocations=15 (full 0):
 garbage-first heap   total 80896K, used 67072K [0x0000000084a00000, 0x0000000100000000)
  region size 1024K, 25 young (25600K), 4 survivors (4096K)
 Metaspace       used 51520K, committed 51840K, reserved 1114112K
  class space    used 5933K, committed 6080K, reserved 1048576K
}
Event: 3.198 GC heap after
{Heap after GC invocations=16 (full 0):
 garbage-first heap   total 80896K, used 50064K [0x0000000084a00000, 0x0000000100000000)
  region size 1024K, 4 young (4096K), 4 survivors (4096K)
 Metaspace       used 51520K, committed 51840K, reserved 1114112K
  class space    used 5933K, committed 6080K, reserved 1048576K
}
Event: 3.452 GC heap before
{Heap before GC invocations=17 (full 0):
 garbage-first heap   total 83968K, used 67472K [0x0000000084a00000, 0x0000000100000000)
  region size 1024K, 22 young (22528K), 4 survivors (4096K)
 Metaspace       used 53303K, committed 53568K, reserved 1114112K
  class space    used 6161K, committed 6272K, reserved 1048576K
}
Event: 3.466 GC heap after
{Heap after GC invocations=18 (full 0):
 garbage-first heap   total 83968K, used 54221K [0x0000000084a00000, 0x0000000100000000)
  region size 1024K, 3 young (3072K), 3 survivors (3072K)
 Metaspace       used 53303K, committed 53568K, reserved 1114112K
  class space    used 6161K, committed 6272K, reserved 1048576K
}
Event: 3.662 GC heap before
{Heap before GC invocations=18 (full 0):
 garbage-first heap   total 83968K, used 72653K [0x0000000084a00000, 0x0000000100000000)
  region size 1024K, 21 young (21504K), 3 survivors (3072K)
 Metaspace       used 53789K, committed 54080K, reserved 1114112K
  class space    used 6209K, committed 6336K, reserved 1048576K
}
Event: 3.670 GC heap after
{Heap after GC invocations=19 (full 0):
 garbage-first heap   total 83968K, used 57278K [0x0000000084a00000, 0x0000000100000000)
  region size 1024K, 3 young (3072K), 3 survivors (3072K)
 Metaspace       used 53789K, committed 54080K, reserved 1114112K
  class space    used 6209K, committed 6336K, reserved 1048576K
}
Event: 4.017 GC heap before
{Heap before GC invocations=19 (full 0):
 garbage-first heap   total 83968K, used 73662K [0x0000000084a00000, 0x0000000100000000)
  region size 1024K, 19 young (19456K), 3 survivors (3072K)
 Metaspace       used 54826K, committed 55168K, reserved 1114112K
  class space    used 6302K, committed 6464K, reserved 1048576K
}
Event: 4.027 GC heap after
{Heap after GC invocations=20 (full 0):
 garbage-first heap   total 133120K, used 60314K [0x0000000084a00000, 0x0000000100000000)
  region size 1024K, 3 young (3072K), 3 survivors (3072K)
 Metaspace       used 54826K, committed 55168K, reserved 1114112K
  class space    used 6302K, committed 6464K, reserved 1048576K
}
Event: 4.779 GC heap before
{Heap before GC invocations=21 (full 0):
 garbage-first heap   total 133120K, used 107418K [0x0000000084a00000, 0x0000000100000000)
  region size 1024K, 50 young (51200K), 3 survivors (3072K)
 Metaspace       used 56656K, committed 56960K, reserved 1114112K
  class space    used 6422K, committed 6592K, reserved 1048576K
}
Event: 4.791 GC heap after
{Heap after GC invocations=22 (full 0):
 garbage-first heap   total 133120K, used 69236K [0x0000000084a00000, 0x0000000100000000)
  region size 1024K, 7 young (7168K), 7 survivors (7168K)
 Metaspace       used 56656K, committed 56960K, reserved 1114112K
  class space    used 6422K, committed 6592K, reserved 1048576K
}
Event: 5.161 GC heap before
{Heap before GC invocations=22 (full 0):
 garbage-first heap   total 133120K, used 108148K [0x0000000084a00000, 0x0000000100000000)
  region size 1024K, 45 young (46080K), 7 survivors (7168K)
 Metaspace       used 57034K, committed 57408K, reserved 1114112K
  class space    used 6431K, committed 6592K, reserved 1048576K
}
Event: 5.178 GC heap after
{Heap after GC invocations=23 (full 0):
 garbage-first heap   total 133120K, used 76800K [0x0000000084a00000, 0x0000000100000000)
  region size 1024K, 6 young (6144K), 6 survivors (6144K)
 Metaspace       used 57034K, committed 57408K, reserved 1114112K
  class space    used 6431K, committed 6592K, reserved 1048576K
}
Event: 5.253 GC heap before
{Heap before GC invocations=23 (full 0):
 garbage-first heap   total 133120K, used 112640K [0x0000000084a00000, 0x0000000100000000)
  region size 1024K, 41 young (41984K), 6 survivors (6144K)
 Metaspace       used 57038K, committed 57408K, reserved 1114112K
  class space    used 6431K, committed 6592K, reserved 1048576K
}
Event: 5.261 GC heap after
{Heap after GC invocations=24 (full 0):
 garbage-first heap   total 133120K, used 86016K [0x0000000084a00000, 0x0000000100000000)
  region size 1024K, 6 young (6144K), 6 survivors (6144K)
 Metaspace       used 57038K, committed 57408K, reserved 1114112K
  class space    used 6431K, committed 6592K, reserved 1048576K
}
Event: 5.314 GC heap before
{Heap before GC invocations=24 (full 0):
 garbage-first heap   total 133120K, used 115712K [0x0000000084a00000, 0x0000000100000000)
  region size 1024K, 35 young (35840K), 6 survivors (6144K)
 Metaspace       used 57038K, committed 57408K, reserved 1114112K
  class space    used 6431K, committed 6592K, reserved 1048576K
}
Event: 5.322 GC heap after
{Heap after GC invocations=25 (full 0):
 garbage-first heap   total 133120K, used 93696K [0x0000000084a00000, 0x0000000100000000)
  region size 1024K, 5 young (5120K), 5 survivors (5120K)
 Metaspace       used 57038K, committed 57408K, reserved 1114112K
  class space    used 6431K, committed 6592K, reserved 1048576K
}
Event: 5.388 GC heap before
{Heap before GC invocations=25 (full 0):
 garbage-first heap   total 155648K, used 117248K [0x0000000084a00000, 0x0000000100000000)
  region size 1024K, 29 young (29696K), 5 survivors (5120K)
 Metaspace       used 57038K, committed 57408K, reserved 1114112K
  class space    used 6431K, committed 6592K, reserved 1048576K
}

