# JRE version: OpenJDK Runtime Environment (21.0.5) (build 21.0.5+-13047016-b750.29)
# Java VM: OpenJDK 64-Bit Server VM (21.0.5+-13047016-b750.29, mixed mode, tiered, compressed oops, compressed class ptrs, g1 gc, windows-amd64)
GC Precious Log:
 CardTable entry size: 512
 Card Set container configuration: InlinePtr #cards 5 size 8 Array Of Cards #cards 12 size 40 Howl #buckets 4 coarsen threshold 1843 Howl Bitmap #cards 512 size 80 coarsen threshold 460 Card regions per heap region 1 cards per card region 2048
 CPUs: 12 total, 12 available
 Memory: 7893M
 Large Page Support: Disabled
 NUMA Support: Disabled
 Compressed Oops: Enabled (32-bit)
 Heap Region Size: 1M
 Heap Min Capacity: 8M
 Heap Initial Capacity: 124M
 Heap Max Capacity: 1974M
 Pre-touch: Disabled
 Parallel Workers: 10
 Concurrent Workers: 3
 Concurrent Refinement Workers: 10
 Periodic GC: Disabled
Heap:
 garbage-first heap   total 179200K, used 127307K [0x0000000084a00000, 0x0000000100000000)
  region size 1024K, 6 young (6144K), 6 survivors (6144K)
 Metaspace       used 69306K, committed 69632K, reserved 1114112K
  class space    used 7442K, committed 7616K, reserved 1048576K
GC Heap History (20 events):
Event: 3.668 GC heap after
{Heap after GC invocations=20 (full 0):
 garbage-first heap   total 116736K, used 57344K [0x0000000084a00000, 0x0000000100000000)
  region size 1024K, 3 young (3072K), 3 survivors (3072K)
 Metaspace       used 54284K, committed 54592K, reserved 1114112K
  class space    used 6260K, committed 6400K, reserved 1048576K
}
Event: 4.126 GC heap before
{Heap before GC invocations=20 (full 0):
 garbage-first heap   total 116736K, used 93184K [0x0000000084a00000, 0x0000000100000000)
  region size 1024K, 38 young (38912K), 3 survivors (3072K)
 Metaspace       used 55427K, committed 55680K, reserved 1114112K
  class space    used 6351K, committed 6464K, reserved 1048576K
}
Event: 4.140 GC heap after
{Heap after GC invocations=21 (full 0):
 garbage-first heap   total 116736K, used 65389K [0x0000000084a00000, 0x0000000100000000)
  region size 1024K, 5 young (5120K), 5 survivors (5120K)
 Metaspace       used 55427K, committed 55680K, reserved 1114112K
  class space    used 6351K, committed 6464K, reserved 1048576K
}
Event: 4.830 GC heap before
{Heap before GC invocations=22 (full 0):
 garbage-first heap   total 116736K, used 96109K [0x0000000084a00000, 0x0000000100000000)
  region size 1024K, 36 young (36864K), 5 survivors (5120K)
 Metaspace       used 56897K, committed 57280K, reserved 1114112K
  class space    used 6432K, committed 6592K, reserved 1048576K
}
Event: 4.845 GC heap after
{Heap after GC invocations=23 (full 0):
 garbage-first heap   total 116736K, used 70039K [0x0000000084a00000, 0x0000000100000000)
  region size 1024K, 5 young (5120K), 5 survivors (5120K)
 Metaspace       used 56897K, committed 57280K, reserved 1114112K
  class space    used 6432K, committed 6592K, reserved 1048576K
}
Event: 5.002 GC heap before
{Heap before GC invocations=23 (full 0):
 garbage-first heap   total 116736K, used 99735K [0x0000000084a00000, 0x0000000100000000)
  region size 1024K, 34 young (34816K), 5 survivors (5120K)
 Metaspace       used 56950K, committed 57344K, reserved 1114112K
  class space    used 6432K, committed 6592K, reserved 1048576K
}
Event: 5.015 GC heap after
{Heap after GC invocations=24 (full 0):
 garbage-first heap   total 116736K, used 75765K [0x0000000084a00000, 0x0000000100000000)
  region size 1024K, 5 young (5120K), 5 survivors (5120K)
 Metaspace       used 56950K, committed 57344K, reserved 1114112K
  class space    used 6432K, committed 6592K, reserved 1048576K
}
Event: 5.055 GC heap before
{Heap before GC invocations=24 (full 0):
 garbage-first heap   total 116736K, used 101365K [0x0000000084a00000, 0x0000000100000000)
  region size 1024K, 30 young (30720K), 5 survivors (5120K)
 Metaspace       used 56950K, committed 57344K, reserved 1114112K
  class space    used 6432K, committed 6592K, reserved 1048576K
}
Event: 5.062 GC heap after
{Heap after GC invocations=25 (full 0):
 garbage-first heap   total 154624K, used 82432K [0x0000000084a00000, 0x0000000100000000)
  region size 1024K, 4 young (4096K), 4 survivors (4096K)
 Metaspace       used 56950K, committed 57344K, reserved 1114112K
  class space    used 6432K, committed 6592K, reserved 1048576K
}
Event: 5.171 GC heap before
{Heap before GC invocations=26 (full 0):
 garbage-first heap   total 154624K, used 126464K [0x0000000084a00000, 0x0000000100000000)
  region size 1024K, 47 young (48128K), 4 survivors (4096K)
 Metaspace       used 56950K, committed 57344K, reserved 1114112K
  class space    used 6432K, committed 6592K, reserved 1048576K
}
Event: 5.178 GC heap after
{Heap after GC invocations=27 (full 0):
 garbage-first heap   total 154624K, used 93184K [0x0000000084a00000, 0x0000000100000000)
  region size 1024K, 6 young (6144K), 6 survivors (6144K)
 Metaspace       used 56950K, committed 57344K, reserved 1114112K
  class space    used 6432K, committed 6592K, reserved 1048576K
}
Event: 5.506 GC heap before
{Heap before GC invocations=27 (full 0):
 garbage-first heap   total 154624K, used 131072K [0x0000000084a00000, 0x0000000100000000)
  region size 1024K, 43 young (44032K), 6 survivors (6144K)
 Metaspace       used 57314K, committed 57664K, reserved 1114112K
  class space    used 6445K, committed 6592K, reserved 1048576K
}
Event: 5.515 GC heap after
{Heap after GC invocations=28 (full 0):
 garbage-first heap   total 154624K, used 100864K [0x0000000084a00000, 0x0000000100000000)
  region size 1024K, 6 young (6144K), 6 survivors (6144K)
 Metaspace       used 57314K, committed 57664K, reserved 1114112K
  class space    used 6445K, committed 6592K, reserved 1048576K
}
Event: 6.159 GC heap before
{Heap before GC invocations=28 (full 0):
 garbage-first heap   total 154624K, used 133632K [0x0000000084a00000, 0x0000000100000000)
  region size 1024K, 38 young (38912K), 6 survivors (6144K)
 Metaspace       used 60931K, committed 61312K, reserved 1114112K
  class space    used 6751K, committed 6912K, reserved 1048576K
}
Event: 6.171 GC heap after
{Heap after GC invocations=29 (full 0):
 garbage-first heap   total 154624K, used 107008K [0x0000000084a00000, 0x0000000100000000)
  region size 1024K, 5 young (5120K), 5 survivors (5120K)
 Metaspace       used 60931K, committed 61312K, reserved 1114112K
  class space    used 6751K, committed 6912K, reserved 1048576K
}
Event: 6.573 GC heap before
{Heap before GC invocations=30 (full 0):
 garbage-first heap   total 179200K, used 136704K [0x0000000084a00000, 0x0000000100000000)
  region size 1024K, 34 young (34816K), 5 survivors (5120K)
 Metaspace       used 61554K, committed 61888K, reserved 1114112K
  class space    used 6776K, committed 6912K, reserved 1048576K
}
Event: 6.582 GC heap after
{Heap after GC invocations=31 (full 0):
 garbage-first heap   total 179200K, used 113403K [0x0000000084a00000, 0x0000000100000000)
  region size 1024K, 5 young (5120K), 5 survivors (5120K)
 Metaspace       used 61554K, committed 61888K, reserved 1114112K
  class space    used 6776K, committed 6912K, reserved 1048576K
}
Event: 6.976 GC heap before
{Heap before GC invocations=31 (full 0):
 garbage-first heap   total 179200K, used 155387K [0x0000000084a00000, 0x0000000100000000)
  region size 1024K, 46 young (47104K), 5 survivors (5120K)
 Metaspace       used 65603K, committed 65984K, reserved 1114112K
  class space    used 7133K, committed 7296K, reserved 1048576K
}
Event: 6.987 GC heap after
{Heap after GC invocations=32 (full 0):
 garbage-first heap   total 179200K, used 120117K [0x0000000084a00000, 0x0000000100000000)
  region size 1024K, 6 young (6144K), 6 survivors (6144K)
 Metaspace       used 65603K, committed 65984K, reserved 1114112K
  class space    used 7133K, committed 7296K, reserved 1048576K
}
Event: 7.554 GC heap before
{Heap before GC invocations=32 (full 0):
 garbage-first heap   total 179200K, used 156981K [0x0000000084a00000, 0x0000000100000000)
  region size 1024K, 43 young (44032K), 6 survivors (6144K)
 Metaspace       used 69306K, committed 69632K, reserved 1114112K
  class space    used 7442K, committed 7616K, reserved 1048576K
}

