# JRE version: OpenJDK Runtime Environment (21.0.5) (build 21.0.5+-13047016-b750.29)
# Java VM: OpenJDK 64-Bit Server VM (21.0.5+-13047016-b750.29, mixed mode, tiered, compressed oops, compressed class ptrs, g1 gc, windows-amd64)
GC Precious Log:
 CardTable entry size: 512
 Card Set container configuration: InlinePtr #cards 5 size 8 Array Of Cards #cards 12 size 40 Howl #buckets 4 coarsen threshold 1843 Howl Bitmap #cards 512 size 80 coarsen threshold 460 Card regions per heap region 1 cards per card region 2048
 CPUs: 12 total, 12 available
 Memory: 7893M
 Large Page Support: Disabled
 NUMA Support: Disabled
 Compressed Oops: Enabled (32-bit)
 Heap Region Size: 1M
 Heap Min Capacity: 8M
 Heap Initial Capacity: 124M
 Heap Max Capacity: 1974M
 Pre-touch: Disabled
 Parallel Workers: 10
 Concurrent Workers: 3
 Concurrent Refinement Workers: 10
 Periodic GC: Disabled
Heap:
 garbage-first heap   total 153600K, used 104226K [0x0000000084a00000, 0x0000000100000000)
  region size 1024K, 5 young (5120K), 5 survivors (5120K)
 Metaspace       used 59634K, committed 60032K, reserved 1114112K
  class space    used 6672K, committed 6848K, reserved 1048576K
GC Heap History (20 events):
Event: 2.868 GC heap after
{Heap after GC invocations=15 (full 0):
 garbage-first heap   total 86016K, used 46592K [0x0000000084a00000, 0x0000000100000000)
  region size 1024K, 5 young (5120K), 5 survivors (5120K)
 Metaspace       used 49413K, committed 49728K, reserved 1114112K
  class space    used 5713K, committed 5824K, reserved 1048576K
}
Event: 3.108 GC heap before
{Heap before GC invocations=15 (full 0):
 garbage-first heap   total 86016K, used 70144K [0x0000000084a00000, 0x0000000100000000)
  region size 1024K, 28 young (28672K), 5 survivors (5120K)
 Metaspace       used 51638K, committed 51904K, reserved 1114112K
  class space    used 5956K, committed 6080K, reserved 1048576K
}
Event: 3.117 GC heap after
{Heap after GC invocations=16 (full 0):
 garbage-first heap   total 86016K, used 51200K [0x0000000084a00000, 0x0000000100000000)
  region size 1024K, 4 young (4096K), 4 survivors (4096K)
 Metaspace       used 51638K, committed 51904K, reserved 1114112K
  class space    used 5956K, committed 6080K, reserved 1048576K
}
Event: 3.387 GC heap before
{Heap before GC invocations=17 (full 0):
 garbage-first heap   total 86016K, used 70656K [0x0000000084a00000, 0x0000000100000000)
  region size 1024K, 24 young (24576K), 4 survivors (4096K)
 Metaspace       used 53525K, committed 53824K, reserved 1114112K
  class space    used 6200K, committed 6336K, reserved 1048576K
}
Event: 3.398 GC heap after
{Heap after GC invocations=18 (full 0):
 garbage-first heap   total 86016K, used 55296K [0x0000000084a00000, 0x0000000100000000)
  region size 1024K, 3 young (3072K), 3 survivors (3072K)
 Metaspace       used 53525K, committed 53824K, reserved 1114112K
  class space    used 6200K, committed 6336K, reserved 1048576K
}
Event: 3.630 GC heap before
{Heap before GC invocations=18 (full 0):
 garbage-first heap   total 86016K, used 73728K [0x0000000084a00000, 0x0000000100000000)
  region size 1024K, 21 young (21504K), 3 survivors (3072K)
 Metaspace       used 54380K, committed 54720K, reserved 1114112K
  class space    used 6266K, committed 6400K, reserved 1048576K
}
Event: 3.639 GC heap after
{Heap after GC invocations=19 (full 0):
 garbage-first heap   total 86016K, used 58880K [0x0000000084a00000, 0x0000000100000000)
  region size 1024K, 3 young (3072K), 3 survivors (3072K)
 Metaspace       used 54380K, committed 54720K, reserved 1114112K
  class space    used 6266K, committed 6400K, reserved 1048576K
}
Event: 3.902 GC heap before
{Heap before GC invocations=19 (full 0):
 garbage-first heap   total 86016K, used 75264K [0x0000000084a00000, 0x0000000100000000)
  region size 1024K, 19 young (19456K), 3 survivors (3072K)
 Metaspace       used 55107K, committed 55424K, reserved 1114112K
  class space    used 6319K, committed 6464K, reserved 1048576K
}
Event: 3.912 GC heap after
{Heap after GC invocations=20 (full 0):
 garbage-first heap   total 130048K, used 62250K [0x0000000084a00000, 0x0000000100000000)
  region size 1024K, 3 young (3072K), 3 survivors (3072K)
 Metaspace       used 55107K, committed 55424K, reserved 1114112K
  class space    used 6319K, committed 6464K, reserved 1048576K
}
Event: 4.556 GC heap before
{Heap before GC invocations=21 (full 0):
 garbage-first heap   total 130048K, used 102186K [0x0000000084a00000, 0x0000000100000000)
  region size 1024K, 43 young (44032K), 3 survivors (3072K)
 Metaspace       used 56689K, committed 57024K, reserved 1114112K
  class space    used 6427K, committed 6592K, reserved 1048576K
}
Event: 4.569 GC heap after
{Heap after GC invocations=22 (full 0):
 garbage-first heap   total 130048K, used 70065K [0x0000000084a00000, 0x0000000100000000)
  region size 1024K, 6 young (6144K), 6 survivors (6144K)
 Metaspace       used 56689K, committed 57024K, reserved 1114112K
  class space    used 6427K, committed 6592K, reserved 1048576K
}
Event: 4.800 GC heap before
{Heap before GC invocations=22 (full 0):
 garbage-first heap   total 130048K, used 106929K [0x0000000084a00000, 0x0000000100000000)
  region size 1024K, 42 young (43008K), 6 survivors (6144K)
 Metaspace       used 56871K, committed 57216K, reserved 1114112K
  class space    used 6432K, committed 6592K, reserved 1048576K
}
Event: 4.814 GC heap after
{Heap after GC invocations=23 (full 0):
 garbage-first heap   total 130048K, used 77309K [0x0000000084a00000, 0x0000000100000000)
  region size 1024K, 6 young (6144K), 6 survivors (6144K)
 Metaspace       used 56871K, committed 57216K, reserved 1114112K
  class space    used 6432K, committed 6592K, reserved 1048576K
}
Event: 4.856 GC heap before
{Heap before GC invocations=23 (full 0):
 garbage-first heap   total 130048K, used 110077K [0x0000000084a00000, 0x0000000100000000)
  region size 1024K, 38 young (38912K), 6 survivors (6144K)
 Metaspace       used 56878K, committed 57280K, reserved 1114112K
  class space    used 6432K, committed 6592K, reserved 1048576K
}
Event: 4.863 GC heap after
{Heap after GC invocations=24 (full 0):
 garbage-first heap   total 130048K, used 85504K [0x0000000084a00000, 0x0000000100000000)
  region size 1024K, 5 young (5120K), 5 survivors (5120K)
 Metaspace       used 56878K, committed 57280K, reserved 1114112K
  class space    used 6432K, committed 6592K, reserved 1048576K
}
Event: 4.916 GC heap before
{Heap before GC invocations=24 (full 0):
 garbage-first heap   total 130048K, used 113152K [0x0000000084a00000, 0x0000000100000000)
  region size 1024K, 32 young (32768K), 5 survivors (5120K)
 Metaspace       used 56878K, committed 57280K, reserved 1114112K
  class space    used 6432K, committed 6592K, reserved 1048576K
}
Event: 4.923 GC heap after
{Heap after GC invocations=25 (full 0):
 garbage-first heap   total 130048K, used 92672K [0x0000000084a00000, 0x0000000100000000)
  region size 1024K, 4 young (4096K), 4 survivors (4096K)
 Metaspace       used 56878K, committed 57280K, reserved 1114112K
  class space    used 6432K, committed 6592K, reserved 1048576K
}
Event: 4.968 GC heap before
{Heap before GC invocations=26 (full 0):
 garbage-first heap   total 153600K, used 115200K [0x0000000084a00000, 0x0000000100000000)
  region size 1024K, 27 young (27648K), 4 survivors (4096K)
 Metaspace       used 56878K, committed 57280K, reserved 1114112K
  class space    used 6432K, committed 6592K, reserved 1048576K
}
Event: 4.973 GC heap after
{Heap after GC invocations=27 (full 0):
 garbage-first heap   total 153600K, used 97790K [0x0000000084a00000, 0x0000000100000000)
  region size 1024K, 4 young (4096K), 4 survivors (4096K)
 Metaspace       used 56878K, committed 57280K, reserved 1114112K
  class space    used 6432K, committed 6592K, reserved 1048576K
}
Event: 5.437 GC heap before
{Heap before GC invocations=27 (full 0):
 garbage-first heap   total 153600K, used 131582K [0x0000000084a00000, 0x0000000100000000)
  region size 1024K, 38 young (38912K), 4 survivors (4096K)
 Metaspace       used 59634K, committed 60032K, reserved 1114112K
  class space    used 6672K, committed 6848K, reserved 1048576K
}

