# JRE version: OpenJDK Runtime Environment (21.0.5) (build 21.0.5+-13047016-b750.29)
# Java VM: OpenJDK 64-Bit Server VM (21.0.5+-13047016-b750.29, mixed mode, tiered, compressed oops, compressed class ptrs, g1 gc, windows-amd64)
GC Precious Log:
 CardTable entry size: 512
 Card Set container configuration: InlinePtr #cards 5 size 8 Array Of Cards #cards 12 size 40 Howl #buckets 4 coarsen threshold 1843 Howl Bitmap #cards 512 size 80 coarsen threshold 460 Card regions per heap region 1 cards per card region 2048
 CPUs: 12 total, 12 available
 Memory: 7893M
 Large Page Support: Disabled
 NUMA Support: Disabled
 Compressed Oops: Enabled (32-bit)
 Heap Region Size: 1M
 Heap Min Capacity: 8M
 Heap Initial Capacity: 124M
 Heap Max Capacity: 2G
 Pre-touch: Disabled
 Parallel Workers: 10
 Concurrent Workers: 3
 Concurrent Refinement Workers: 10
 Periodic GC: Disabled
Heap:
 garbage-first heap   total 458752K, used 175979K [0x0000000080000000, 0x0000000100000000)
  region size 1024K, 50 young (51200K), 13 survivors (13312K)
 Metaspace       used 143859K, committed 146304K, reserved 1179648K
  class space    used 19825K, committed 21056K, reserved 1048576K
GC Heap History (20 events):
Event: 24.007 GC heap before
{Heap before GC invocations=37 (full 0):
 garbage-first heap   total 199680K, used 178626K [0x0000000080000000, 0x0000000100000000)
  region size 1024K, 64 young (65536K), 8 survivors (8192K)
 Metaspace       used 130845K, committed 133248K, reserved 1179648K
  class space    used 18247K, committed 19456K, reserved 1048576K
}
Event: 24.013 GC heap after
{Heap after GC invocations=38 (full 0):
 garbage-first heap   total 199680K, used 124822K [0x0000000080000000, 0x0000000100000000)
  region size 1024K, 6 young (6144K), 6 survivors (6144K)
 Metaspace       used 130845K, committed 133248K, reserved 1179648K
  class space    used 18247K, committed 19456K, reserved 1048576K
}
Event: 24.244 GC heap before
{Heap before GC invocations=39 (full 0):
 garbage-first heap   total 209920K, used 181142K [0x0000000080000000, 0x0000000100000000)
  region size 1024K, 61 young (62464K), 6 survivors (6144K)
 Metaspace       used 133644K, committed 136000K, reserved 1179648K
  class space    used 18713K, committed 19904K, reserved 1048576K
}
Event: 24.248 GC heap after
{Heap after GC invocations=40 (full 0):
 garbage-first heap   total 209920K, used 126566K [0x0000000080000000, 0x0000000100000000)
  region size 1024K, 5 young (5120K), 5 survivors (5120K)
 Metaspace       used 133644K, committed 136000K, reserved 1179648K
  class space    used 18713K, committed 19904K, reserved 1048576K
}
Event: 24.646 GC heap before
{Heap before GC invocations=40 (full 0):
 garbage-first heap   total 209920K, used 191078K [0x0000000080000000, 0x0000000100000000)
  region size 1024K, 69 young (70656K), 5 survivors (5120K)
 Metaspace       used 136955K, committed 139328K, reserved 1179648K
  class space    used 19269K, committed 20480K, reserved 1048576K
}
Event: 24.653 GC heap after
{Heap after GC invocations=41 (full 0):
 garbage-first heap   total 209920K, used 126262K [0x0000000080000000, 0x0000000100000000)
  region size 1024K, 5 young (5120K), 5 survivors (5120K)
 Metaspace       used 136955K, committed 139328K, reserved 1179648K
  class space    used 19269K, committed 20480K, reserved 1048576K
}
Event: 25.292 GC heap before
{Heap before GC invocations=41 (full 0):
 garbage-first heap   total 209920K, used 159030K [0x0000000080000000, 0x0000000100000000)
  region size 1024K, 39 young (39936K), 5 survivors (5120K)
 Metaspace       used 139710K, committed 142016K, reserved 1179648K
  class space    used 19628K, committed 20800K, reserved 1048576K
}
Event: 25.300 GC heap after
{Heap after GC invocations=42 (full 0):
 garbage-first heap   total 251904K, used 128403K [0x0000000080000000, 0x0000000100000000)
  region size 1024K, 7 young (7168K), 7 survivors (7168K)
 Metaspace       used 139710K, committed 142016K, reserved 1179648K
  class space    used 19628K, committed 20800K, reserved 1048576K
}
Event: 25.306 GC heap before
{Heap before GC invocations=42 (full 0):
 garbage-first heap   total 251904K, used 130451K [0x0000000080000000, 0x0000000100000000)
  region size 1024K, 8 young (8192K), 7 survivors (7168K)
 Metaspace       used 139719K, committed 142016K, reserved 1179648K
  class space    used 19628K, committed 20800K, reserved 1048576K
}
Event: 25.320 GC heap after
{Heap after GC invocations=43 (full 0):
 garbage-first heap   total 251904K, used 130362K [0x0000000080000000, 0x0000000100000000)
  region size 1024K, 7 young (7168K), 7 survivors (7168K)
 Metaspace       used 139719K, committed 142016K, reserved 1179648K
  class space    used 19628K, committed 20800K, reserved 1048576K
}
Event: 206.821 GC heap before
{Heap before GC invocations=44 (full 0):
 garbage-first heap   total 404480K, used 333114K [0x0000000080000000, 0x0000000100000000)
  region size 1024K, 97 young (99328K), 7 survivors (7168K)
 Metaspace       used 141090K, committed 143552K, reserved 1179648K
  class space    used 19783K, committed 21056K, reserved 1048576K
}
Event: 206.882 GC heap after
{Heap after GC invocations=45 (full 0):
 garbage-first heap   total 404480K, used 133772K [0x0000000080000000, 0x0000000100000000)
  region size 1024K, 13 young (13312K), 13 survivors (13312K)
 Metaspace       used 141090K, committed 143552K, reserved 1179648K
  class space    used 19783K, committed 21056K, reserved 1048576K
}
Event: 537.362 GC heap before
{Heap before GC invocations=45 (full 0):
 garbage-first heap   total 404480K, used 362124K [0x0000000080000000, 0x0000000100000000)
  region size 1024K, 237 young (242688K), 13 survivors (13312K)
 Metaspace       used 142268K, committed 144768K, reserved 1179648K
  class space    used 19801K, committed 21056K, reserved 1048576K
}
Event: 537.412 GC heap after
{Heap after GC invocations=46 (full 0):
 garbage-first heap   total 404480K, used 142889K [0x0000000080000000, 0x0000000100000000)
  region size 1024K, 23 young (23552K), 23 survivors (23552K)
 Metaspace       used 142268K, committed 144768K, reserved 1179648K
  class space    used 19801K, committed 21056K, reserved 1048576K
}
Event: 537.796 GC heap before
{Heap before GC invocations=46 (full 0):
 garbage-first heap   total 404480K, used 218665K [0x0000000080000000, 0x0000000100000000)
  region size 1024K, 99 young (101376K), 23 survivors (23552K)
 Metaspace       used 142717K, committed 145152K, reserved 1179648K
  class space    used 19810K, committed 21056K, reserved 1048576K
}
Event: 537.829 GC heap after
{Heap after GC invocations=47 (full 0):
 garbage-first heap   total 404480K, used 141068K [0x0000000080000000, 0x0000000100000000)
  region size 1024K, 14 young (14336K), 14 survivors (14336K)
 Metaspace       used 142717K, committed 145152K, reserved 1179648K
  class space    used 19810K, committed 21056K, reserved 1048576K
}
Event: 891.794 GC heap before
{Heap before GC invocations=48 (full 0):
 garbage-first heap   total 424960K, used 423692K [0x0000000080000000, 0x0000000100000000)
  region size 1024K, 180 young (184320K), 14 survivors (14336K)
 Metaspace       used 143247K, committed 145664K, reserved 1179648K
  class space    used 19819K, committed 21056K, reserved 1048576K
}
Event: 891.826 GC heap after
{Heap after GC invocations=49 (full 0):
 garbage-first heap   total 441344K, used 142642K [0x0000000080000000, 0x0000000100000000)
  region size 1024K, 16 young (16384K), 16 survivors (16384K)
 Metaspace       used 143247K, committed 145664K, reserved 1179648K
  class space    used 19819K, committed 21056K, reserved 1048576K
}
Event: 1168.260 GC heap before
{Heap before GC invocations=49 (full 0):
 garbage-first heap   total 441344K, used 439602K [0x0000000080000000, 0x0000000100000000)
  region size 1024K, 196 young (200704K), 16 survivors (16384K)
 Metaspace       used 143759K, committed 146176K, reserved 1179648K
  class space    used 19824K, committed 21056K, reserved 1048576K
}
Event: 1168.316 GC heap after
{Heap after GC invocations=50 (full 0):
 garbage-first heap   total 458752K, used 139115K [0x0000000080000000, 0x0000000100000000)
  region size 1024K, 13 young (13312K), 13 survivors (13312K)
 Metaspace       used 143759K, committed 146176K, reserved 1179648K
  class space    used 19824K, committed 21056K, reserved 1048576K
}

